Using pre-set license
Built from '2020.3/staging' branch; Version is '2020.3.0f1 (c7b5465681fb) revision 13088070'; Using compiler version '192528614'; Build Type 'Release'
OS: 'Windows 10 Pro; OS build 19041.985; Version 2004; 64bit' Language: 'pt' Physical Memory: 8126 MB
BatchMode: 1, IsHumanControllingUs: 0, StartBugReporterOnCrash: 0, Is64bit: 1, IsPro: 0

 COMMAND LINE ARGUMENTS:
D:\Program Files (x86)\Unity\2020.3.0f1\Editor\Unity.exe
-adb2
-batchMode
-noUpm
-name
AssetImportWorker0
-projectPath
D:/Downloads/Profissional/PainfulSmile/Game/BattleShipGame
-logFile
Logs/AssetImportWorker0.log
-srvPort
62565
Successfully changed project path to: D:/Downloads/Profissional/PainfulSmile/Game/BattleShipGame
D:/Downloads/Profissional/PainfulSmile/Game/BattleShipGame
Using Asset Import Pipeline V2.
Refreshing native plugins compatible for Editor in 66.55 ms, found 1 plugins.
Preloading 0 native plugins for Editor in 0.00 ms.
Initialize engine version: 2020.3.0f1 (c7b5465681fb)
[Subsystems] Discovering subsystems at path D:/Program Files (x86)/Unity/2020.3.0f1/Editor/Data/Resources/UnitySubsystems
[Subsystems] Discovering subsystems at path D:/Downloads/Profissional/PainfulSmile/Game/BattleShipGame/Assets
GfxDevice: creating device client; threaded=0
Direct3D:
    Version:  Direct3D 11.0 [level 11.1]
    Renderer: NVIDIA GeForce GTX 1060 6GB (ID=0x1c03)
    Vendor:   
    VRAM:     6052 MB
    Driver:   27.21.14.6647
Initialize mono
Mono path[0] = 'D:/Program Files (x86)/Unity/2020.3.0f1/Editor/Data/Managed'
Mono path[1] = 'D:/Program Files (x86)/Unity/2020.3.0f1/Editor/Data/MonoBleedingEdge/lib/mono/unityjit'
Mono config path = 'D:/Program Files (x86)/Unity/2020.3.0f1/Editor/Data/MonoBleedingEdge/etc'
Using monoOptions --debugger-agent=transport=dt_socket,embedding=1,server=y,suspend=n,address=127.0.0.1:56712
Begin MonoManager ReloadAssembly
Registering precompiled unity dll's ...
Register platform support module: D:/Program Files (x86)/Unity/2020.3.0f1/Editor/Data/PlaybackEngines/WindowsStandaloneSupport/UnityEditor.WindowsStandalone.Extensions.dll
Registered in 0.005016 seconds.
Native extension for WindowsStandalone target not found
Refreshing native plugins compatible for Editor in 52.98 ms, found 1 plugins.
Preloading 0 native plugins for Editor in 0.00 ms.
Invoked RoslynAnalysisRunner static constructor.
RoslynAnalysisRunner will not be running.
RoslynAnalysisRunner has terminated.
Mono: successfully reloaded assembly
- Completed reload, in  9.088 seconds
Platform modules already initialized, skipping
Registering precompiled user dll's ...
Registered in 0.002255 seconds.
Begin MonoManager ReloadAssembly
Native extension for WindowsStandalone target not found
Refreshing native plugins compatible for Editor in 50.80 ms, found 1 plugins.
Preloading 0 native plugins for Editor in 0.00 ms.
Invoked RoslynAnalysisRunner static constructor.
RoslynAnalysisRunner will not be running.
RoslynAnalysisRunner has terminated.
Mono: successfully reloaded assembly
- Completed reload, in  1.357 seconds
Platform modules already initialized, skipping
========================================================================
Worker process is ready to serve import requests
Launched and connected shader compiler UnityShaderCompiler.exe after 0.12 seconds
Refreshing native plugins compatible for Editor in 0.70 ms, found 1 plugins.
Preloading 0 native plugins for Editor in 0.00 ms.
Unloading 1845 Unused Serialized files (Serialized files now loaded: 0)
System memory in use before: 87.2 MB.
System memory in use after: 87.1 MB.

Unloading 24 unused Assets to reduce memory usage. Loaded Objects now: 2289.
Total: 2.941100 ms (FindLiveObjects: 0.446600 ms CreateObjectMapping: 0.186400 ms MarkObjects: 2.135500 ms  DeleteObjects: 0.170300 ms)

========================================================================
Received Import Request.
  path: Assets/Scripts/MapManager.cs
  artifactKey: Guid(2c6f3b4b1dcba5643bdde365c8878218) Importer(815301076,1909f56bfc062723c751e8b465ee728b)
Start importing Assets/Scripts/MapManager.cs using Guid(2c6f3b4b1dcba5643bdde365c8878218) Importer(815301076,1909f56bfc062723c751e8b465ee728b)  -> (artifact id: 'abec5d8b7178d25cb40e52f014aae8af') in 0.095356 seconds
  Import took 0.122565 seconds .

========================================================================
Received Prepare
Registering precompiled user dll's ...
Registered in 0.002144 seconds.
Begin MonoManager ReloadAssembly
Native extension for WindowsStandalone target not found
Refreshing native plugins compatible for Editor in 0.69 ms, found 1 plugins.
Preloading 0 native plugins for Editor in 0.00 ms.
Invoked RoslynAnalysisRunner static constructor.
RoslynAnalysisRunner will not be running.
RoslynAnalysisRunner has terminated.
Mono: successfully reloaded assembly
- Completed reload, in  1.971 seconds
Platform modules already initialized, skipping
Refreshing native plugins compatible for Editor in 0.62 ms, found 1 plugins.
Preloading 0 native plugins for Editor in 0.00 ms.
Unloading 1827 Unused Serialized files (Serialized files now loaded: 0)
System memory in use before: 86.1 MB.
System memory in use after: 86.1 MB.

Unloading 12 unused Assets to reduce memory usage. Loaded Objects now: 2293.
Total: 3.524900 ms (FindLiveObjects: 0.448700 ms CreateObjectMapping: 0.170900 ms MarkObjects: 2.753000 ms  DeleteObjects: 0.149400 ms)

========================================================================
Received Prepare
Registering precompiled user dll's ...
Registered in 0.002281 seconds.
Begin MonoManager ReloadAssembly
Native extension for WindowsStandalone target not found
Refreshing native plugins compatible for Editor in 0.67 ms, found 1 plugins.
Preloading 0 native plugins for Editor in 0.00 ms.
Invoked RoslynAnalysisRunner static constructor.
RoslynAnalysisRunner will not be running.
RoslynAnalysisRunner has terminated.
Mono: successfully reloaded assembly
- Completed reload, in  1.287 seconds
Platform modules already initialized, skipping
Refreshing native plugins compatible for Editor in 0.67 ms, found 1 plugins.
Preloading 0 native plugins for Editor in 0.00 ms.
Unloading 1827 Unused Serialized files (Serialized files now loaded: 0)
System memory in use before: 86.2 MB.
System memory in use after: 86.2 MB.

Unloading 12 unused Assets to reduce memory usage. Loaded Objects now: 2297.
Total: 3.007400 ms (FindLiveObjects: 0.425500 ms CreateObjectMapping: 0.135300 ms MarkObjects: 2.273400 ms  DeleteObjects: 0.171800 ms)

========================================================================
Received Import Request.
  Time since last request: 521.231496 seconds.
  path: Assets/Scripts/Player/P_Behavior.cs
  artifactKey: Guid(ad58a1bea5066d54fac66e9777c03f1e) Importer(815301076,1909f56bfc062723c751e8b465ee728b)
Start importing Assets/Scripts/Player/P_Behavior.cs using Guid(ad58a1bea5066d54fac66e9777c03f1e) Importer(815301076,1909f56bfc062723c751e8b465ee728b)  -> (artifact id: '398ebf47bfb92c5badd215104751eaec') in 0.016331 seconds
  Import took 0.076707 seconds .

========================================================================
Received Import Request.
  Time since last request: 0.036507 seconds.
  path: Assets/Scripts/Player/P_Behavior.cs
  artifactKey: Guid(ad58a1bea5066d54fac66e9777c03f1e) Importer(815301076,1909f56bfc062723c751e8b465ee728b)
Start importing Assets/Scripts/Player/P_Behavior.cs using Guid(ad58a1bea5066d54fac66e9777c03f1e) Importer(815301076,1909f56bfc062723c751e8b465ee728b)  -> (artifact id: '398ebf47bfb92c5badd215104751eaec') in 0.007722 seconds
  Import took 0.044321 seconds .

========================================================================
Received Prepare
Registering precompiled user dll's ...
Registered in 0.002163 seconds.
Begin MonoManager ReloadAssembly
Native extension for WindowsStandalone target not found
Refreshing native plugins compatible for Editor in 0.92 ms, found 1 plugins.
Preloading 0 native plugins for Editor in 0.00 ms.
Invoked RoslynAnalysisRunner static constructor.
RoslynAnalysisRunner will not be running.
RoslynAnalysisRunner has terminated.
Mono: successfully reloaded assembly
- Completed reload, in  1.214 seconds
Platform modules already initialized, skipping
Refreshing native plugins compatible for Editor in 0.89 ms, found 1 plugins.
Preloading 0 native plugins for Editor in 0.00 ms.
Unloading 1827 Unused Serialized files (Serialized files now loaded: 0)
System memory in use before: 86.2 MB.
System memory in use after: 86.2 MB.

Unloading 12 unused Assets to reduce memory usage. Loaded Objects now: 2301.
Total: 4.028600 ms (FindLiveObjects: 0.484600 ms CreateObjectMapping: 0.130200 ms MarkObjects: 3.222700 ms  DeleteObjects: 0.187400 ms)

========================================================================
Received Import Request.
  Time since last request: 3534.990206 seconds.
  path: Assets/Scripts/Camera/FollowCam.cs
  artifactKey: Guid(1b54f25849fd1c04ab48a7610f78197f) Importer(815301076,1909f56bfc062723c751e8b465ee728b)
Start importing Assets/Scripts/Camera/FollowCam.cs using Guid(1b54f25849fd1c04ab48a7610f78197f) Importer(815301076,1909f56bfc062723c751e8b465ee728b)  -> (artifact id: '1ef24330d6cb6b395ed66c58e5726be6') in 0.039950 seconds
  Import took 0.088354 seconds .

========================================================================
Received Import Request.
  Time since last request: 26.579892 seconds.
  path: Assets/Scripts/MapManager.cs
  artifactKey: Guid(2c6f3b4b1dcba5643bdde365c8878218) Importer(815301076,1909f56bfc062723c751e8b465ee728b)
Start importing Assets/Scripts/MapManager.cs using Guid(2c6f3b4b1dcba5643bdde365c8878218) Importer(815301076,1909f56bfc062723c751e8b465ee728b)  -> (artifact id: '88c94b5fa041e9db164b0f9bc2684f8a') in 0.005781 seconds
  Import took 0.028890 seconds .

========================================================================
Received Import Request.
  Time since last request: 677.675684 seconds.
  path: Assets/Scripts/Enemies/Chaser/Ch_Behavior.cs
  artifactKey: Guid(59e5bab238d1f7046b9864687894b96a) Importer(815301076,1909f56bfc062723c751e8b465ee728b)
Start importing Assets/Scripts/Enemies/Chaser/Ch_Behavior.cs using Guid(59e5bab238d1f7046b9864687894b96a) Importer(815301076,1909f56bfc062723c751e8b465ee728b)  -> (artifact id: '404bdb84584ab98a262d192235eea741') in 0.014747 seconds
  Import took 0.036152 seconds .

========================================================================
Received Prepare
Registering precompiled user dll's ...
Registered in 0.002349 seconds.
Begin MonoManager ReloadAssembly
Native extension for WindowsStandalone target not found
Refreshing native plugins compatible for Editor in 0.74 ms, found 1 plugins.
Preloading 0 native plugins for Editor in 0.00 ms.
Invoked RoslynAnalysisRunner static constructor.
RoslynAnalysisRunner will not be running.
RoslynAnalysisRunner has terminated.
Mono: successfully reloaded assembly
- Completed reload, in  1.343 seconds
Platform modules already initialized, skipping
Refreshing native plugins compatible for Editor in 0.86 ms, found 1 plugins.
Preloading 0 native plugins for Editor in 0.00 ms.
Unloading 1827 Unused Serialized files (Serialized files now loaded: 0)
System memory in use before: 86.2 MB.
System memory in use after: 86.2 MB.

Unloading 12 unused Assets to reduce memory usage. Loaded Objects now: 2305.
Total: 4.333500 ms (FindLiveObjects: 0.350600 ms CreateObjectMapping: 0.188500 ms MarkObjects: 3.531300 ms  DeleteObjects: 0.261800 ms)

========================================================================
Received Import Request.
  Time since last request: 696.257642 seconds.
  path: Assets/Character&Enemies/Enemy/Chaser/Chaser.prefab
  artifactKey: Guid(55090c1c4937d4e43b66e19d52d7a6e2) Importer(815301076,1909f56bfc062723c751e8b465ee728b)
Start importing Assets/Character&Enemies/Enemy/Chaser/Chaser.prefab using Guid(55090c1c4937d4e43b66e19d52d7a6e2) Importer(815301076,1909f56bfc062723c751e8b465ee728b)  -> (artifact id: '5ab030cb12936b2a63173e0f9e815717') in 0.645797 seconds
  Import took 0.688693 seconds .

========================================================================
Received Prepare
Registering precompiled user dll's ...
Registered in 0.002094 seconds.
Begin MonoManager ReloadAssembly
Native extension for WindowsStandalone target not found
Refreshing native plugins compatible for Editor in 0.71 ms, found 1 plugins.
Preloading 0 native plugins for Editor in 0.00 ms.
Invoked RoslynAnalysisRunner static constructor.
RoslynAnalysisRunner will not be running.
RoslynAnalysisRunner has terminated.
Mono: successfully reloaded assembly
- Completed reload, in  1.325 seconds
Platform modules already initialized, skipping
Refreshing native plugins compatible for Editor in 1.07 ms, found 1 plugins.
Preloading 0 native plugins for Editor in 0.00 ms.
Unloading 1827 Unused Serialized files (Serialized files now loaded: 0)
System memory in use before: 89.3 MB.
System memory in use after: 89.3 MB.

Unloading 12 unused Assets to reduce memory usage. Loaded Objects now: 2316.
Total: 3.979000 ms (FindLiveObjects: 0.479600 ms CreateObjectMapping: 0.153700 ms MarkObjects: 3.128400 ms  DeleteObjects: 0.213800 ms)

========================================================================
Received Import Request.
  Time since last request: 629.717618 seconds.
  path: Assets/Character&Enemies/Enemy/Chaser/Chaser.prefab
  artifactKey: Guid(55090c1c4937d4e43b66e19d52d7a6e2) Importer(815301076,1909f56bfc062723c751e8b465ee728b)
Start importing Assets/Character&Enemies/Enemy/Chaser/Chaser.prefab using Guid(55090c1c4937d4e43b66e19d52d7a6e2) Importer(815301076,1909f56bfc062723c751e8b465ee728b)  -> (artifact id: '81a2f779f2dd2fa28fd786c3c3ae4e9d') in 0.128420 seconds
  Import took 0.151853 seconds .

========================================================================
Received Import Request.
  Time since last request: 258.736860 seconds.
  path: Assets/Scripts/Enemies/Shooter/Sh_Behavior.cs
  artifactKey: Guid(9f0842f1d16909f47af8503bb2541aeb) Importer(815301076,1909f56bfc062723c751e8b465ee728b)
Start importing Assets/Scripts/Enemies/Shooter/Sh_Behavior.cs using Guid(9f0842f1d16909f47af8503bb2541aeb) Importer(815301076,1909f56bfc062723c751e8b465ee728b)  -> (artifact id: '5fad2fd85463d707d6fb37069115f944') in 0.014567 seconds
  Import took 0.044084 seconds .

========================================================================
Received Prepare
Registering precompiled user dll's ...
Registered in 0.003738 seconds.
Begin MonoManager ReloadAssembly
Native extension for WindowsStandalone target not found
Refreshing native plugins compatible for Editor in 0.89 ms, found 1 plugins.
Preloading 0 native plugins for Editor in 0.00 ms.
Invoked RoslynAnalysisRunner static constructor.
RoslynAnalysisRunner will not be running.
RoslynAnalysisRunner has terminated.
Mono: successfully reloaded assembly
- Completed reload, in  1.357 seconds
Platform modules already initialized, skipping
Refreshing native plugins compatible for Editor in 0.62 ms, found 1 plugins.
Preloading 0 native plugins for Editor in 0.00 ms.
Unloading 1827 Unused Serialized files (Serialized files now loaded: 0)
System memory in use before: 89.4 MB.
System memory in use after: 89.3 MB.

Unloading 12 unused Assets to reduce memory usage. Loaded Objects now: 2321.
Total: 3.846400 ms (FindLiveObjects: 0.499600 ms CreateObjectMapping: 0.177300 ms MarkObjects: 2.966300 ms  DeleteObjects: 0.200500 ms)

========================================================================
Received Prepare
Registering precompiled user dll's ...
Registered in 0.002057 seconds.
Begin MonoManager ReloadAssembly
Native extension for WindowsStandalone target not found
Refreshing native plugins compatible for Editor in 0.89 ms, found 1 plugins.
Preloading 0 native plugins for Editor in 0.00 ms.
Invoked RoslynAnalysisRunner static constructor.
RoslynAnalysisRunner will not be running.
RoslynAnalysisRunner has terminated.
Mono: successfully reloaded assembly
- Completed reload, in  1.338 seconds
Platform modules already initialized, skipping
Refreshing native plugins compatible for Editor in 0.71 ms, found 1 plugins.
Preloading 0 native plugins for Editor in 0.00 ms.
Unloading 1827 Unused Serialized files (Serialized files now loaded: 0)
System memory in use before: 89.4 MB.
System memory in use after: 89.4 MB.

Unloading 12 unused Assets to reduce memory usage. Loaded Objects now: 2325.
Total: 3.540400 ms (FindLiveObjects: 0.553200 ms CreateObjectMapping: 0.211400 ms MarkObjects: 2.598400 ms  DeleteObjects: 0.173900 ms)

========================================================================
Received Prepare
Registering precompiled user dll's ...
Registered in 0.002279 seconds.
Begin MonoManager ReloadAssembly
Native extension for WindowsStandalone target not found
Refreshing native plugins compatible for Editor in 0.72 ms, found 1 plugins.
Preloading 0 native plugins for Editor in 0.00 ms.
Invoked RoslynAnalysisRunner static constructor.
RoslynAnalysisRunner will not be running.
RoslynAnalysisRunner has terminated.
Mono: successfully reloaded assembly
- Completed reload, in  1.215 seconds
Platform modules already initialized, skipping
Refreshing native plugins compatible for Editor in 0.61 ms, found 1 plugins.
Preloading 0 native plugins for Editor in 0.00 ms.
Unloading 1827 Unused Serialized files (Serialized files now loaded: 0)
System memory in use before: 89.4 MB.
System memory in use after: 89.4 MB.

Unloading 12 unused Assets to reduce memory usage. Loaded Objects now: 2329.
Total: 4.483100 ms (FindLiveObjects: 0.537200 ms CreateObjectMapping: 0.182900 ms MarkObjects: 3.514900 ms  DeleteObjects: 0.244400 ms)

========================================================================
Received Import Request.
  Time since last request: 654.919973 seconds.
  path: Assets/Scripts/Enemies/Shooter/ShooterBullet/Sh_BulletOverlap.cs
  artifactKey: Guid(1682dcba10e15d248b8ea47c1d173518) Importer(815301076,1909f56bfc062723c751e8b465ee728b)
Start importing Assets/Scripts/Enemies/Shooter/ShooterBullet/Sh_BulletOverlap.cs using Guid(1682dcba10e15d248b8ea47c1d173518) Importer(815301076,1909f56bfc062723c751e8b465ee728b)  -> (artifact id: 'e56555119e89ba19444375cd8d5130c9') in 0.012132 seconds
  Import took 0.033795 seconds .

========================================================================
Received Import Request.
  Time since last request: 7.107777 seconds.
  path: Assets/Scripts/Enemies/Spawn/SpawnLogic.cs
  artifactKey: Guid(ccf7dd984fc15194d86e0fed31d7d68d) Importer(815301076,1909f56bfc062723c751e8b465ee728b)
Start importing Assets/Scripts/Enemies/Spawn/SpawnLogic.cs using Guid(ccf7dd984fc15194d86e0fed31d7d68d) Importer(815301076,1909f56bfc062723c751e8b465ee728b)  -> (artifact id: '7ede964d241e6a1e48a4f40bf8251ef9') in 0.012788 seconds
  Import took 0.035796 seconds .

========================================================================
Received Prepare
Registering precompiled user dll's ...
Registered in 0.001924 seconds.
Begin MonoManager ReloadAssembly
Native extension for WindowsStandalone target not found
Refreshing native plugins compatible for Editor in 0.70 ms, found 1 plugins.
Preloading 0 native plugins for Editor in 0.00 ms.
Invoked RoslynAnalysisRunner static constructor.
RoslynAnalysisRunner will not be running.
RoslynAnalysisRunner has terminated.
Mono: successfully reloaded assembly
- Completed reload, in  1.235 seconds
Platform modules already initialized, skipping
Refreshing native plugins compatible for Editor in 0.68 ms, found 1 plugins.
Preloading 0 native plugins for Editor in 0.00 ms.
Unloading 1827 Unused Serialized files (Serialized files now loaded: 0)
System memory in use before: 89.4 MB.
System memory in use after: 89.4 MB.

Unloading 12 unused Assets to reduce memory usage. Loaded Objects now: 2333.
Total: 2.968500 ms (FindLiveObjects: 0.504200 ms CreateObjectMapping: 0.125300 ms MarkObjects: 2.200200 ms  DeleteObjects: 0.136900 ms)

========================================================================
Received Import Request.
  Time since last request: 471.165220 seconds.
  path: Assets/Scripts/Enemies/Spawn/SpawnLogic.cs
  artifactKey: Guid(ccf7dd984fc15194d86e0fed31d7d68d) Importer(815301076,1909f56bfc062723c751e8b465ee728b)
Start importing Assets/Scripts/Enemies/Spawn/SpawnLogic.cs using Guid(ccf7dd984fc15194d86e0fed31d7d68d) Importer(815301076,1909f56bfc062723c751e8b465ee728b)  -> (artifact id: '5ea506d03b302ea2972ac11e380366db') in 0.009002 seconds
  Import took 0.036365 seconds .

========================================================================
Received Prepare
Registering precompiled user dll's ...
Registered in 0.002514 seconds.
Begin MonoManager ReloadAssembly
Native extension for WindowsStandalone target not found
Refreshing native plugins compatible for Editor in 0.66 ms, found 1 plugins.
Preloading 0 native plugins for Editor in 0.00 ms.
Invoked RoslynAnalysisRunner static constructor.
RoslynAnalysisRunner will not be running.
RoslynAnalysisRunner has terminated.
Mono: successfully reloaded assembly
- Completed reload, in  1.249 seconds
Platform modules already initialized, skipping
Refreshing native plugins compatible for Editor in 0.91 ms, found 1 plugins.
Preloading 0 native plugins for Editor in 0.00 ms.
Unloading 1827 Unused Serialized files (Serialized files now loaded: 0)
System memory in use before: 89.4 MB.
System memory in use after: 89.4 MB.

Unloading 12 unused Assets to reduce memory usage. Loaded Objects now: 2337.
Total: 3.184500 ms (FindLiveObjects: 0.374400 ms CreateObjectMapping: 0.195300 ms MarkObjects: 2.405100 ms  DeleteObjects: 0.208100 ms)

========================================================================
Received Prepare
Registering precompiled user dll's ...
Registered in 0.002025 seconds.
Begin MonoManager ReloadAssembly
Native extension for WindowsStandalone target not found
Refreshing native plugins compatible for Editor in 0.73 ms, found 1 plugins.
Preloading 0 native plugins for Editor in 0.00 ms.
Invoked RoslynAnalysisRunner static constructor.
RoslynAnalysisRunner will not be running.
RoslynAnalysisRunner has terminated.
Mono: successfully reloaded assembly
- Completed reload, in  1.344 seconds
Platform modules already initialized, skipping
Refreshing native plugins compatible for Editor in 0.86 ms, found 1 plugins.
Preloading 0 native plugins for Editor in 0.00 ms.
Unloading 1827 Unused Serialized files (Serialized files now loaded: 0)
System memory in use before: 89.4 MB.
System memory in use after: 89.4 MB.

Unloading 12 unused Assets to reduce memory usage. Loaded Objects now: 2341.
Total: 4.264500 ms (FindLiveObjects: 0.574300 ms CreateObjectMapping: 0.172900 ms MarkObjects: 3.226900 ms  DeleteObjects: 0.287000 ms)

========================================================================
Received Prepare
Registering precompiled user dll's ...
Registered in 0.003080 seconds.
Begin MonoManager ReloadAssembly
Native extension for WindowsStandalone target not found
Refreshing native plugins compatible for Editor in 0.62 ms, found 1 plugins.
Preloading 0 native plugins for Editor in 0.00 ms.
Invoked RoslynAnalysisRunner static constructor.
RoslynAnalysisRunner will not be running.
RoslynAnalysisRunner has terminated.
Mono: successfully reloaded assembly
- Completed reload, in  1.256 seconds
Platform modules already initialized, skipping
Refreshing native plugins compatible for Editor in 0.93 ms, found 1 plugins.
Preloading 0 native plugins for Editor in 0.00 ms.
Unloading 1827 Unused Serialized files (Serialized files now loaded: 0)
System memory in use before: 89.4 MB.
System memory in use after: 89.4 MB.

Unloading 12 unused Assets to reduce memory usage. Loaded Objects now: 2345.
Total: 3.282000 ms (FindLiveObjects: 0.452500 ms CreateObjectMapping: 0.159300 ms MarkObjects: 2.508200 ms  DeleteObjects: 0.159700 ms)

========================================================================
Received Import Request.
  Time since last request: 477.962323 seconds.
  path: Assets/Scripts/Player/P_Behavior.cs
  artifactKey: Guid(ad58a1bea5066d54fac66e9777c03f1e) Importer(815301076,1909f56bfc062723c751e8b465ee728b)
Start importing Assets/Scripts/Player/P_Behavior.cs using Guid(ad58a1bea5066d54fac66e9777c03f1e) Importer(815301076,1909f56bfc062723c751e8b465ee728b)  -> (artifact id: '68090a0cb477eea9e708b0426c60c4bf') in 0.014564 seconds
  Import took 0.035738 seconds .

========================================================================
Received Prepare
Registering precompiled user dll's ...
Registered in 0.001966 seconds.
Begin MonoManager ReloadAssembly
Native extension for WindowsStandalone target not found
Refreshing native plugins compatible for Editor in 0.79 ms, found 1 plugins.
Preloading 0 native plugins for Editor in 0.00 ms.
Invoked RoslynAnalysisRunner static constructor.
RoslynAnalysisRunner will not be running.
RoslynAnalysisRunner has terminated.
Mono: successfully reloaded assembly
- Completed reload, in  1.246 seconds
Platform modules already initialized, skipping
Refreshing native plugins compatible for Editor in 0.62 ms, found 1 plugins.
Preloading 0 native plugins for Editor in 0.00 ms.
Unloading 1827 Unused Serialized files (Serialized files now loaded: 0)
System memory in use before: 89.4 MB.
System memory in use after: 89.4 MB.

Unloading 12 unused Assets to reduce memory usage. Loaded Objects now: 2349.
Total: 3.427100 ms (FindLiveObjects: 0.451800 ms CreateObjectMapping: 0.121100 ms MarkObjects: 2.681500 ms  DeleteObjects: 0.170400 ms)

========================================================================
Received Import Request.
  Time since last request: 165.556401 seconds.
  path: Assets/Scripts/Player/P_Behavior.cs
  artifactKey: Guid(ad58a1bea5066d54fac66e9777c03f1e) Importer(815301076,1909f56bfc062723c751e8b465ee728b)
Start importing Assets/Scripts/Player/P_Behavior.cs using Guid(ad58a1bea5066d54fac66e9777c03f1e) Importer(815301076,1909f56bfc062723c751e8b465ee728b)  -> (artifact id: '420e65b531306e99e558a502399f3937') in 0.009059 seconds
  Import took 0.028789 seconds .

========================================================================
Received Import Request.
  Time since last request: 8.408718 seconds.
  path: Assets/Scripts/Enemies/Chaser/Ch_Behavior.cs
  artifactKey: Guid(59e5bab238d1f7046b9864687894b96a) Importer(815301076,1909f56bfc062723c751e8b465ee728b)
Start importing Assets/Scripts/Enemies/Chaser/Ch_Behavior.cs using Guid(59e5bab238d1f7046b9864687894b96a) Importer(815301076,1909f56bfc062723c751e8b465ee728b)  -> (artifact id: '0c57b1b2c83bfaa8728d17c16eb7b305') in 0.005087 seconds
  Import took 0.032614 seconds .

========================================================================
Received Import Request.
  Time since last request: 15.404223 seconds.
  path: Assets/Scripts/Enemies/Shooter/Sh_Behavior.cs
  artifactKey: Guid(9f0842f1d16909f47af8503bb2541aeb) Importer(815301076,1909f56bfc062723c751e8b465ee728b)
Start importing Assets/Scripts/Enemies/Shooter/Sh_Behavior.cs using Guid(9f0842f1d16909f47af8503bb2541aeb) Importer(815301076,1909f56bfc062723c751e8b465ee728b)  -> (artifact id: '449bb0b64e994739488b2d62944359ed') in 0.004950 seconds
  Import took 0.032242 seconds .

========================================================================
Received Prepare
Registering precompiled user dll's ...
Registered in 0.002027 seconds.
Begin MonoManager ReloadAssembly
Native extension for WindowsStandalone target not found
Refreshing native plugins compatible for Editor in 0.89 ms, found 1 plugins.
Preloading 0 native plugins for Editor in 0.00 ms.
Invoked RoslynAnalysisRunner static constructor.
RoslynAnalysisRunner will not be running.
RoslynAnalysisRunner has terminated.
Mono: successfully reloaded assembly
- Completed reload, in  1.257 seconds
Platform modules already initialized, skipping
Refreshing native plugins compatible for Editor in 0.77 ms, found 1 plugins.
Preloading 0 native plugins for Editor in 0.00 ms.
Unloading 1827 Unused Serialized files (Serialized files now loaded: 0)
System memory in use before: 89.4 MB.
System memory in use after: 89.4 MB.

Unloading 12 unused Assets to reduce memory usage. Loaded Objects now: 2353.
Total: 2.735100 ms (FindLiveObjects: 0.450300 ms CreateObjectMapping: 0.153100 ms MarkObjects: 1.943800 ms  DeleteObjects: 0.184900 ms)

========================================================================
Received Import Request.
  Time since last request: 163.280173 seconds.
  path: Assets/Scripts/Player/DirectBullet/P_DirectBullet.cs
  artifactKey: Guid(9c9680621aa367f438f41e53ac6b2a9f) Importer(815301076,1909f56bfc062723c751e8b465ee728b)
Start importing Assets/Scripts/Player/DirectBullet/P_DirectBullet.cs using Guid(9c9680621aa367f438f41e53ac6b2a9f) Importer(815301076,1909f56bfc062723c751e8b465ee728b)  -> (artifact id: 'd9de4f3e0bcf2af4a9191b3addccba26') in 0.022720 seconds
  Import took 0.048016 seconds .

========================================================================
Received Prepare
Registering precompiled user dll's ...
Registered in 0.084866 seconds.
Begin MonoManager ReloadAssembly
Native extension for WindowsStandalone target not found
Refreshing native plugins compatible for Editor in 0.90 ms, found 1 plugins.
Preloading 0 native plugins for Editor in 0.00 ms.
Invoked RoslynAnalysisRunner static constructor.
RoslynAnalysisRunner will not be running.
RoslynAnalysisRunner has terminated.
Mono: successfully reloaded assembly
- Completed reload, in  1.374 seconds
Platform modules already initialized, skipping
Refreshing native plugins compatible for Editor in 0.62 ms, found 1 plugins.
Preloading 0 native plugins for Editor in 0.00 ms.
Unloading 1827 Unused Serialized files (Serialized files now loaded: 0)
System memory in use before: 89.4 MB.
System memory in use after: 89.4 MB.

Unloading 12 unused Assets to reduce memory usage. Loaded Objects now: 2357.
Total: 3.519600 ms (FindLiveObjects: 0.418600 ms CreateObjectMapping: 0.133800 ms MarkObjects: 2.796400 ms  DeleteObjects: 0.168000 ms)

========================================================================
Received Import Request.
  Time since last request: 156.272024 seconds.
  path: Assets/Character&Enemies/Character/SingleShoot/Bullet_obj.prefab
  artifactKey: Guid(ddf832d3a7e0119499fe6b0e9105f048) Importer(815301076,1909f56bfc062723c751e8b465ee728b)
Start importing Assets/Character&Enemies/Character/SingleShoot/Bullet_obj.prefab using Guid(ddf832d3a7e0119499fe6b0e9105f048) Importer(815301076,1909f56bfc062723c751e8b465ee728b)  -> (artifact id: '429c60054bbe06375046adcb4433e1f4') in 0.126887 seconds
  Import took 0.132579 seconds .

========================================================================
Received Prepare
Registering precompiled user dll's ...
Registered in 0.002334 seconds.
Begin MonoManager ReloadAssembly
Native extension for WindowsStandalone target not found
Refreshing native plugins compatible for Editor in 0.75 ms, found 1 plugins.
Preloading 0 native plugins for Editor in 0.00 ms.
Invoked RoslynAnalysisRunner static constructor.
RoslynAnalysisRunner will not be running.
RoslynAnalysisRunner has terminated.
Mono: successfully reloaded assembly
- Completed reload, in  1.265 seconds
Platform modules already initialized, skipping
Refreshing native plugins compatible for Editor in 0.65 ms, found 1 plugins.
Preloading 0 native plugins for Editor in 0.00 ms.
Unloading 1827 Unused Serialized files (Serialized files now loaded: 0)
System memory in use before: 89.5 MB.
System memory in use after: 89.5 MB.

Unloading 12 unused Assets to reduce memory usage. Loaded Objects now: 2362.
Total: 3.122400 ms (FindLiveObjects: 0.361400 ms CreateObjectMapping: 0.120200 ms MarkObjects: 2.471900 ms  DeleteObjects: 0.167500 ms)

========================================================================
Received Prepare
Registering precompiled user dll's ...
Registered in 0.002615 seconds.
Begin MonoManager ReloadAssembly
Native extension for WindowsStandalone target not found
Refreshing native plugins compatible for Editor in 1.18 ms, found 1 plugins.
Preloading 0 native plugins for Editor in 0.00 ms.
Invoked RoslynAnalysisRunner static constructor.
RoslynAnalysisRunner will not be running.
RoslynAnalysisRunner has terminated.
Mono: successfully reloaded assembly
- Completed reload, in  1.258 seconds
Platform modules already initialized, skipping
Refreshing native plugins compatible for Editor in 0.94 ms, found 1 plugins.
Preloading 0 native plugins for Editor in 0.00 ms.
Unloading 1827 Unused Serialized files (Serialized files now loaded: 0)
System memory in use before: 89.5 MB.
System memory in use after: 89.5 MB.

Unloading 12 unused Assets to reduce memory usage. Loaded Objects now: 2366.
Total: 4.076300 ms (FindLiveObjects: 0.663600 ms CreateObjectMapping: 0.153500 ms MarkObjects: 3.043800 ms  DeleteObjects: 0.212500 ms)

========================================================================
Received Import Request.
  Time since last request: 330.293410 seconds.
  path: Assets/Scripts/Player/ParallelBullet/T_BulletOverlap.cs
  artifactKey: Guid(f2bdf09b50620bb48a0f5772bbb32105) Importer(815301076,1909f56bfc062723c751e8b465ee728b)
Start importing Assets/Scripts/Player/ParallelBullet/T_BulletOverlap.cs using Guid(f2bdf09b50620bb48a0f5772bbb32105) Importer(815301076,1909f56bfc062723c751e8b465ee728b)  -> (artifact id: '32b0d57334bb04318c7a7bbc9f57df11') in 0.012407 seconds
  Import took 0.025854 seconds .

========================================================================
Received Prepare
Registering precompiled user dll's ...
Registered in 0.004428 seconds.
Begin MonoManager ReloadAssembly
Native extension for WindowsStandalone target not found
Refreshing native plugins compatible for Editor in 0.75 ms, found 1 plugins.
Preloading 0 native plugins for Editor in 0.00 ms.
Invoked RoslynAnalysisRunner static constructor.
RoslynAnalysisRunner will not be running.
RoslynAnalysisRunner has terminated.
Mono: successfully reloaded assembly
- Completed reload, in  1.387 seconds
Platform modules already initialized, skipping
Refreshing native plugins compatible for Editor in 0.44 ms, found 1 plugins.
Preloading 0 native plugins for Editor in 0.00 ms.
Unloading 1827 Unused Serialized files (Serialized files now loaded: 0)
System memory in use before: 89.5 MB.
System memory in use after: 89.5 MB.

Unloading 12 unused Assets to reduce memory usage. Loaded Objects now: 2370.
Total: 3.368600 ms (FindLiveObjects: 0.441300 ms CreateObjectMapping: 0.122700 ms MarkObjects: 2.625500 ms  DeleteObjects: 0.176700 ms)

========================================================================
Received Prepare
Registering precompiled user dll's ...
Registered in 0.002116 seconds.
Begin MonoManager ReloadAssembly
Native extension for WindowsStandalone target not found
Refreshing native plugins compatible for Editor in 0.60 ms, found 1 plugins.
Preloading 0 native plugins for Editor in 0.00 ms.
Invoked RoslynAnalysisRunner static constructor.
RoslynAnalysisRunner will not be running.
RoslynAnalysisRunner has terminated.
Mono: successfully reloaded assembly
- Completed reload, in  1.233 seconds
Platform modules already initialized, skipping
Refreshing native plugins compatible for Editor in 0.55 ms, found 1 plugins.
Preloading 0 native plugins for Editor in 0.00 ms.
Unloading 1827 Unused Serialized files (Serialized files now loaded: 0)
System memory in use before: 89.5 MB.
System memory in use after: 89.5 MB.

Unloading 12 unused Assets to reduce memory usage. Loaded Objects now: 2374.
Total: 4.386800 ms (FindLiveObjects: 0.461900 ms CreateObjectMapping: 0.227500 ms MarkObjects: 3.506500 ms  DeleteObjects: 0.187600 ms)

========================================================================
Received Import Request.
  Time since last request: 1186.255981 seconds.
  path: Assets/Scripts/UI/MainMenu/EnemySpawnTime/SSlider_Behavior.cs
  artifactKey: Guid(9d598c6e6a7681a48a15b224a44989a7) Importer(815301076,1909f56bfc062723c751e8b465ee728b)
Start importing Assets/Scripts/UI/MainMenu/EnemySpawnTime/SSlider_Behavior.cs using Guid(9d598c6e6a7681a48a15b224a44989a7) Importer(815301076,1909f56bfc062723c751e8b465ee728b)  -> (artifact id: '3fca708e5adf3b40720ad9567ad8cc3b') in 0.016373 seconds
  Import took 0.032320 seconds .

========================================================================
Received Import Request.
  Time since last request: 6531.325515 seconds.
  path: Assets/Character&Enemies/Character/TripleShoot/TripleBullet_obj.prefab
  artifactKey: Guid(7ceeaaee430abdd49baa8f64abd6114f) Importer(815301076,1909f56bfc062723c751e8b465ee728b)
Start importing Assets/Character&Enemies/Character/TripleShoot/TripleBullet_obj.prefab using Guid(7ceeaaee430abdd49baa8f64abd6114f) Importer(815301076,1909f56bfc062723c751e8b465ee728b)  -> (artifact id: 'da65fddc658ac1d6c0249937483b3ed8') in 0.447916 seconds
  Import took 0.602329 seconds .

========================================================================
Received Import Request.
  Time since last request: 79.488643 seconds.
  path: Assets/Character&Enemies/Character/TripleShoot/TripleBullet_obj.prefab
  artifactKey: Guid(7ceeaaee430abdd49baa8f64abd6114f) Importer(815301076,1909f56bfc062723c751e8b465ee728b)
Start importing Assets/Character&Enemies/Character/TripleShoot/TripleBullet_obj.prefab using Guid(7ceeaaee430abdd49baa8f64abd6114f) Importer(815301076,1909f56bfc062723c751e8b465ee728b)  -> (artifact id: '141065c69472621a845d74ce9beb62ad') in 0.049856 seconds
  Import took 0.074028 seconds .

========================================================================
Received Import Request.
  Time since last request: 69.505473 seconds.
  path: Assets/Effects&Assets/Effects/Explosion/explosion_obj.prefab
  artifactKey: Guid(8f326777108eac14da8f4d29e9eab5f0) Importer(815301076,1909f56bfc062723c751e8b465ee728b)
Start importing Assets/Effects&Assets/Effects/Explosion/explosion_obj.prefab using Guid(8f326777108eac14da8f4d29e9eab5f0) Importer(815301076,1909f56bfc062723c751e8b465ee728b)  -> (artifact id: 'a63a1a5048a119535b7307c6ea2e4ad1') in 0.100898 seconds
  Import took 0.124510 seconds .

========================================================================
Received Import Request.
  Time since last request: 167.637120 seconds.
  path: Assets/Scenes/Map01.unity
  artifactKey: Guid(5ebdc61b121b7004abcb5221e57a34e5) Importer(815301076,1909f56bfc062723c751e8b465ee728b)
Start importing Assets/Scenes/Map01.unity using Guid(5ebdc61b121b7004abcb5221e57a34e5) Importer(815301076,1909f56bfc062723c751e8b465ee728b)  -> (artifact id: '37f13d4319b616d77c79c5627f669fbc') in 0.013967 seconds
  Import took 0.043125 seconds .

========================================================================
Received Prepare
Registering precompiled user dll's ...
Registered in 0.002203 seconds.
Begin MonoManager ReloadAssembly
Native extension for WindowsStandalone target not found
Refreshing native plugins compatible for Editor in 0.59 ms, found 1 plugins.
Preloading 0 native plugins for Editor in 0.00 ms.
Invoked RoslynAnalysisRunner static constructor.
RoslynAnalysisRunner will not be running.
RoslynAnalysisRunner has terminated.
Mono: successfully reloaded assembly
- Completed reload, in  1.630 seconds
Platform modules already initialized, skipping
Refreshing native plugins compatible for Editor in 0.63 ms, found 1 plugins.
Preloading 0 native plugins for Editor in 0.00 ms.
Unloading 1827 Unused Serialized files (Serialized files now loaded: 0)
System memory in use before: 89.5 MB.
System memory in use after: 89.5 MB.

Unloading 12 unused Assets to reduce memory usage. Loaded Objects now: 2379.
Total: 4.842300 ms (FindLiveObjects: 0.537200 ms CreateObjectMapping: 0.133500 ms MarkObjects: 3.927300 ms  DeleteObjects: 0.240600 ms)

========================================================================
Received Import Request.
  Time since last request: 2715.412546 seconds.
  path: Assets/Scripts/UI/MainMenu/GameSessionTime
  artifactKey: Guid(607b27e29f77e9d47941d877e85d41de) Importer(815301076,1909f56bfc062723c751e8b465ee728b)
Start importing Assets/Scripts/UI/MainMenu/GameSessionTime using Guid(607b27e29f77e9d47941d877e85d41de) Importer(815301076,1909f56bfc062723c751e8b465ee728b)  -> (artifact id: '419cb4dc1386aa69fcf49efac9e85619') in 0.045792 seconds
  Import took 0.086476 seconds .

========================================================================
Received Prepare
Registering precompiled user dll's ...
Registered in 0.002215 seconds.
Begin MonoManager ReloadAssembly
Native extension for WindowsStandalone target not found
Refreshing native plugins compatible for Editor in 0.82 ms, found 1 plugins.
Preloading 0 native plugins for Editor in 0.00 ms.
Invoked RoslynAnalysisRunner static constructor.
RoslynAnalysisRunner will not be running.
RoslynAnalysisRunner has terminated.
Mono: successfully reloaded assembly
- Completed reload, in  1.513 seconds
Platform modules already initialized, skipping
Refreshing native plugins compatible for Editor in 0.95 ms, found 1 plugins.
Preloading 0 native plugins for Editor in 0.00 ms.
Unloading 1827 Unused Serialized files (Serialized files now loaded: 0)
System memory in use before: 89.5 MB.
System memory in use after: 89.5 MB.

Unloading 12 unused Assets to reduce memory usage. Loaded Objects now: 2383.
Total: 2.883900 ms (FindLiveObjects: 0.311100 ms CreateObjectMapping: 0.105000 ms MarkObjects: 2.335500 ms  DeleteObjects: 0.130700 ms)

========================================================================
Received Prepare
Registering precompiled user dll's ...
Registered in 0.002683 seconds.
Begin MonoManager ReloadAssembly
Native extension for WindowsStandalone target not found
Refreshing native plugins compatible for Editor in 1.06 ms, found 1 plugins.
Preloading 0 native plugins for Editor in 0.00 ms.
Invoked RoslynAnalysisRunner static constructor.
RoslynAnalysisRunner will not be running.
RoslynAnalysisRunner has terminated.
Mono: successfully reloaded assembly
- Completed reload, in  1.531 seconds
Platform modules already initialized, skipping
Refreshing native plugins compatible for Editor in 0.95 ms, found 1 plugins.
Preloading 0 native plugins for Editor in 0.00 ms.
Unloading 1828 Unused Serialized files (Serialized files now loaded: 0)
System memory in use before: 89.6 MB.
System memory in use after: 89.6 MB.

Unloading 12 unused Assets to reduce memory usage. Loaded Objects now: 2388.
Total: 4.893500 ms (FindLiveObjects: 0.483300 ms CreateObjectMapping: 0.144200 ms MarkObjects: 4.125000 ms  DeleteObjects: 0.138300 ms)

========================================================================
Received Prepare
Registering precompiled user dll's ...
Registered in 0.005988 seconds.
Begin MonoManager ReloadAssembly
Native extension for WindowsStandalone target not found
Refreshing native plugins compatible for Editor in 0.66 ms, found 1 plugins.
Preloading 0 native plugins for Editor in 0.00 ms.
Invoked RoslynAnalysisRunner static constructor.
RoslynAnalysisRunner will not be running.
RoslynAnalysisRunner has terminated.
Mono: successfully reloaded assembly
- Completed reload, in  1.266 seconds
Platform modules already initialized, skipping
Refreshing native plugins compatible for Editor in 0.58 ms, found 1 plugins.
Preloading 0 native plugins for Editor in 0.00 ms.
Unloading 1828 Unused Serialized files (Serialized files now loaded: 0)
System memory in use before: 89.6 MB.
System memory in use after: 89.6 MB.

Unloading 12 unused Assets to reduce memory usage. Loaded Objects now: 2392.
Total: 3.852900 ms (FindLiveObjects: 0.390800 ms CreateObjectMapping: 0.096300 ms MarkObjects: 3.173800 ms  DeleteObjects: 0.190100 ms)

========================================================================
Received Import Request.
  Time since last request: 480.762484 seconds.
  path: Assets/Scenes/Map01.unity
  artifactKey: Guid(5ebdc61b121b7004abcb5221e57a34e5) Importer(815301076,1909f56bfc062723c751e8b465ee728b)
Start importing Assets/Scenes/Map01.unity using Guid(5ebdc61b121b7004abcb5221e57a34e5) Importer(815301076,1909f56bfc062723c751e8b465ee728b)  -> (artifact id: '5a3ec0477aea83632fc99d23aadf73ee') in 0.051163 seconds
  Import took 0.074547 seconds .

========================================================================
Received Import Request.
  Time since last request: 32.116601 seconds.
  path: Assets/Character&Enemies/Enemy/Shooter/Shooter.prefab
  artifactKey: Guid(fb8792e70874cc641b0007edda3ae88e) Importer(815301076,1909f56bfc062723c751e8b465ee728b)
Start importing Assets/Character&Enemies/Enemy/Shooter/Shooter.prefab using Guid(fb8792e70874cc641b0007edda3ae88e) Importer(815301076,1909f56bfc062723c751e8b465ee728b)  -> (artifact id: '277b2d31085eb1307d29d8e03bc9b524') in 0.123913 seconds
  Import took 0.157462 seconds .

========================================================================
Received Import Request.
  Time since last request: 38.521011 seconds.
  path: Assets/Character&Enemies/Enemy/Shooter/Sh_Bullet/Sh_BulletObj.prefab
  artifactKey: Guid(d8d1450b733db1e4c89d6a1e83bb3955) Importer(815301076,1909f56bfc062723c751e8b465ee728b)
Start importing Assets/Character&Enemies/Enemy/Shooter/Sh_Bullet/Sh_BulletObj.prefab using Guid(d8d1450b733db1e4c89d6a1e83bb3955) Importer(815301076,1909f56bfc062723c751e8b465ee728b)  -> (artifact id: 'e3d70fa967d69535faeb012a9aa96668') in 0.087093 seconds
  Import took 0.120966 seconds .

========================================================================
Received Prepare
Registering precompiled user dll's ...
Registered in 0.002264 seconds.
Begin MonoManager ReloadAssembly
Native extension for WindowsStandalone target not found
Refreshing native plugins compatible for Editor in 0.96 ms, found 1 plugins.
Preloading 0 native plugins for Editor in 0.00 ms.
Invoked RoslynAnalysisRunner static constructor.
RoslynAnalysisRunner will not be running.
RoslynAnalysisRunner has terminated.
Mono: successfully reloaded assembly
- Completed reload, in  1.355 seconds
Platform modules already initialized, skipping
Refreshing native plugins compatible for Editor in 0.53 ms, found 1 plugins.
Preloading 0 native plugins for Editor in 0.00 ms.
Unloading 1828 Unused Serialized files (Serialized files now loaded: 0)
System memory in use before: 89.6 MB.
System memory in use after: 89.6 MB.

Unloading 12 unused Assets to reduce memory usage. Loaded Objects now: 2397.
Total: 2.928000 ms (FindLiveObjects: 0.425700 ms CreateObjectMapping: 0.110900 ms MarkObjects: 2.260800 ms  DeleteObjects: 0.127300 ms)

========================================================================
Received Import Request.
  Time since last request: 78.287253 seconds.
  path: Assets/Scripts/E_SpawnT_SliderTxt.cs
  artifactKey: Guid(5d27ddf56d67b914b989b3188364fa5e) Importer(815301076,1909f56bfc062723c751e8b465ee728b)
Start importing Assets/Scripts/E_SpawnT_SliderTxt.cs using Guid(5d27ddf56d67b914b989b3188364fa5e) Importer(815301076,1909f56bfc062723c751e8b465ee728b)  -> (artifact id: '62a68b8081fe6c5c017982f54e8284e8') in 0.017291 seconds
  Import took 0.042932 seconds .

========================================================================
Received Prepare
Registering precompiled user dll's ...
Registered in 0.002636 seconds.
Begin MonoManager ReloadAssembly
Native extension for WindowsStandalone target not found
Refreshing native plugins compatible for Editor in 1.32 ms, found 1 plugins.
Preloading 0 native plugins for Editor in 0.00 ms.
Invoked RoslynAnalysisRunner static constructor.
RoslynAnalysisRunner will not be running.
RoslynAnalysisRunner has terminated.
Mono: successfully reloaded assembly
- Completed reload, in  1.352 seconds
Platform modules already initialized, skipping
Refreshing native plugins compatible for Editor in 0.97 ms, found 1 plugins.
Preloading 0 native plugins for Editor in 0.00 ms.
Unloading 1828 Unused Serialized files (Serialized files now loaded: 0)
System memory in use before: 89.6 MB.
System memory in use after: 89.6 MB.

Unloading 12 unused Assets to reduce memory usage. Loaded Objects now: 2401.
Total: 4.088000 ms (FindLiveObjects: 0.584800 ms CreateObjectMapping: 0.364900 ms MarkObjects: 2.907500 ms  DeleteObjects: 0.227300 ms)

========================================================================
Received Prepare
Registering precompiled user dll's ...
Registered in 0.003023 seconds.
Begin MonoManager ReloadAssembly
Native extension for WindowsStandalone target not found
Refreshing native plugins compatible for Editor in 0.64 ms, found 1 plugins.
Preloading 0 native plugins for Editor in 0.00 ms.
Invoked RoslynAnalysisRunner static constructor.
RoslynAnalysisRunner will not be running.
RoslynAnalysisRunner has terminated.
Mono: successfully reloaded assembly
- Completed reload, in  1.281 seconds
Platform modules already initialized, skipping
Refreshing native plugins compatible for Editor in 1.13 ms, found 1 plugins.
Preloading 0 native plugins for Editor in 0.00 ms.
Unloading 1828 Unused Serialized files (Serialized files now loaded: 0)
System memory in use before: 89.6 MB.
System memory in use after: 89.6 MB.

Unloading 12 unused Assets to reduce memory usage. Loaded Objects now: 2405.
Total: 4.289000 ms (FindLiveObjects: 0.384500 ms CreateObjectMapping: 0.122200 ms MarkObjects: 3.560400 ms  DeleteObjects: 0.220400 ms)

========================================================================
Received Prepare
Registering precompiled user dll's ...
Registered in 0.002419 seconds.
Begin MonoManager ReloadAssembly
Native extension for WindowsStandalone target not found
Refreshing native plugins compatible for Editor in 0.60 ms, found 1 plugins.
Preloading 0 native plugins for Editor in 0.00 ms.
Invoked RoslynAnalysisRunner static constructor.
RoslynAnalysisRunner will not be running.
RoslynAnalysisRunner has terminated.
Mono: successfully reloaded assembly
- Completed reload, in  1.362 seconds
Platform modules already initialized, skipping
Refreshing native plugins compatible for Editor in 0.46 ms, found 1 plugins.
Preloading 0 native plugins for Editor in 0.00 ms.
Unloading 1828 Unused Serialized files (Serialized files now loaded: 0)
System memory in use before: 89.6 MB.
System memory in use after: 89.6 MB.

Unloading 12 unused Assets to reduce memory usage. Loaded Objects now: 2409.
Total: 2.890800 ms (FindLiveObjects: 0.431400 ms CreateObjectMapping: 0.100000 ms MarkObjects: 2.193900 ms  DeleteObjects: 0.163200 ms)

========================================================================
Received Import Request.
  Time since last request: 41.270975 seconds.
  path: Assets/Scenes/MainMenu.unity
  artifactKey: Guid(2cda990e2423bbf4892e6590ba056729) Importer(815301076,1909f56bfc062723c751e8b465ee728b)
Start importing Assets/Scenes/MainMenu.unity using Guid(2cda990e2423bbf4892e6590ba056729) Importer(815301076,1909f56bfc062723c751e8b465ee728b)  -> (artifact id: '251f49310093121963ad6738f0316d39') in 0.025266 seconds
  Import took 0.050058 seconds .

AssetImportWorkerClient::OnTransportError - code=2 error=End of file
